[debug] [2025-01-31T10:21:55.017Z] ----------------------------------------------------------------------
[debug] [2025-01-31T10:21:55.019Z] Command:       C:\Program Files\nodejs\node.exe C:\Users\kumar\AppData\Roaming\npm\node_modules\firebase-tools\lib\bin\firebase.js init
[debug] [2025-01-31T10:21:55.020Z] CLI Version:   13.29.3
[debug] [2025-01-31T10:21:55.020Z] Platform:      win32
[debug] [2025-01-31T10:21:55.020Z] Node Version:  v22.11.0
[debug] [2025-01-31T10:21:55.020Z] Time:          Fri Jan 31 2025 15:51:55 GMT+0530 (India Standard Time)
[debug] [2025-01-31T10:21:55.020Z] ----------------------------------------------------------------------
[debug] 
[debug] [2025-01-31T10:21:55.027Z] > command requires scopes: ["email","openid","https://www.googleapis.com/auth/cloudplatformprojects.readonly","https://www.googleapis.com/auth/firebase","https://www.googleapis.com/auth/cloud-platform"]
[debug] [2025-01-31T10:21:55.027Z] > authorizing via signed-in user (kumarnchandan05@gmail.com)
[info] 
     ######## #### ########  ######## ########     ###     ######  ########
     ##        ##  ##     ## ##       ##     ##  ##   ##  ##       ##
     ######    ##  ########  ######   ########  #########  ######  ######
     ##        ##  ##    ##  ##       ##     ## ##     ##       ## ##
     ##       #### ##     ## ######## ########  ##     ##  ######  ########

You're about to initialize a Firebase project in this directory:

  L:\Work\Projects\FullStack\02-MIS\mis_client

[info] 
=== Project Setup
[info] 
[info] First, let's associate this project directory with a Firebase project.
[info] You can create multiple project aliases by running firebase use --add, 
[info] but for now we'll just set up a default project.
[info] 
[debug] [2025-01-31T10:22:10.737Z] Checked if tokens are valid: false, expires at: 1738308751577
[debug] [2025-01-31T10:22:10.738Z] Checked if tokens are valid: false, expires at: 1738308751577
[debug] [2025-01-31T10:22:10.738Z] > refreshing access token with scopes: []
[debug] [2025-01-31T10:22:10.739Z] >>> [apiv2][query] POST https://www.googleapis.com/oauth2/v3/token [none]
[debug] [2025-01-31T10:22:10.739Z] >>> [apiv2][body] POST https://www.googleapis.com/oauth2/v3/token [omitted]
[debug] [2025-01-31T10:22:11.139Z] <<< [apiv2][status] POST https://www.googleapis.com/oauth2/v3/token 200
[debug] [2025-01-31T10:22:11.139Z] <<< [apiv2][body] POST https://www.googleapis.com/oauth2/v3/token [omitted]
[debug] [2025-01-31T10:22:11.145Z] >>> [apiv2][query] GET https://firebase.googleapis.com/v1beta1/projects pageSize=100
[debug] [2025-01-31T10:22:12.413Z] <<< [apiv2][status] GET https://firebase.googleapis.com/v1beta1/projects 200
[debug] [2025-01-31T10:22:12.414Z] <<< [apiv2][body] GET https://firebase.googleapis.com/v1beta1/projects [omitted]
[info] i  Using project information-management-s-e8fe0 (Information Management System) 
[info] 
=== Hosting Setup
[debug] [2025-01-31T10:22:17.213Z] Checked if tokens are valid: true, expires at: 1738322530139
[debug] [2025-01-31T10:22:17.213Z] Checked if tokens are valid: true, expires at: 1738322530139
[debug] [2025-01-31T10:22:17.214Z] >>> [apiv2][query] GET https://firebase.googleapis.com/v1beta1/projects/information-management-s-e8fe0 [none]
[debug] [2025-01-31T10:22:17.574Z] <<< [apiv2][status] GET https://firebase.googleapis.com/v1beta1/projects/information-management-s-e8fe0 200
[debug] [2025-01-31T10:22:17.574Z] <<< [apiv2][body] GET https://firebase.googleapis.com/v1beta1/projects/information-management-s-e8fe0 {"projectId":"information-management-s-e8fe0","projectNumber":"909525050204","displayName":"Information Management System","name":"projects/information-management-s-e8fe0","resources":{"hostingSite":"information-management-s-e8fe0"},"state":"ACTIVE","etag":"1_2a6468eb-a7f6-4072-8cff-01020f8bf3d3"}
[info] 
[info] Your public directory is the folder (relative to your project directory) that
[info] will contain Hosting assets to be uploaded with firebase deploy. If you
[info] have a build process for your assets, use your build's output directory.
[info] 
